输出时间：2016-04-19 23:07:15
message:<xml><URL><![CDATA[twjweb.cn/twj-weixin/Weixin.php]]></URL><ToUserName><![CDATA[123456]]></ToUserName><FromUserName><![CDATA[abc]]></FromUserName><CreateTime>0252</CreateTime><MsgType><![CDATA[text]]></MsgType><Content><![CDATA[/天气.成都]]></Content><MsgId>1</MsgId></xml>
输出时间：2016-04-19 23:07:26
message:<xml><URL><![CDATA[twjweb.cn/twj-weixin/Weixin.php]]></URL><ToUserName><![CDATA[123456]]></ToUserName><FromUserName><![CDATA[abc]]></FromUserName><CreateTime>123456789</CreateTime><MsgType><![CDATA[event]]></MsgType><Event><![CDATA[subscribe]]></Event><Latitude></Latitude><Longitude></Longitude><Precision></Precision><MsgId>1</MsgId></xml>
输出时间：2016-04-19 23:51:24
message:<xml><URL><![CDATA[twjweb.cn/twj-weixin/Weixin.php]]></URL><ToUserName><![CDATA[123456]]></ToUserName><FromUserName><![CDATA[abc]]></FromUserName><CreateTime>123456789</CreateTime><MsgType><![CDATA[event]]></MsgType><Event><![CDATA[subscribe]]></Event><Latitude></Latitude><Longitude></Longitude><Precision></Precision><MsgId>1</MsgId></xml>
输出时间：2016-04-19 23:51:27
message:<xml><URL><![CDATA[twjweb.cn/twj-weixin/Weixin.php]]></URL><ToUserName><![CDATA[123456]]></ToUserName><FromUserName><![CDATA[abc]]></FromUserName><CreateTime>123456789</CreateTime><MsgType><![CDATA[event]]></MsgType><Event><![CDATA[subscribe]]></Event><Latitude></Latitude><Longitude></Longitude><Precision></Precision><MsgId>1</MsgId></xml>
输出时间：2016-04-19 23:53:12
message:<xml><URL><![CDATA[twjweb.cn/twj-weixin/Weixin.php]]></URL><ToUserName><![CDATA[123456]]></ToUserName><FromUserName><![CDATA[abc]]></FromUserName><CreateTime>123456789</CreateTime><MsgType><![CDATA[event]]></MsgType><Event><![CDATA[subscribe]]></Event><Latitude></Latitude><Longitude></Longitude><Precision></Precision><MsgId>1</MsgId></xml>
输出时间：2016-04-19 23:54:06
message:<xml>
    <ToUserName><![CDATA[gh_d505c9b3976f]]></ToUserName>
    <FromUserName><![CDATA[om-Rfwg4aykWeP7PDAeqQvI_IBzU]]></FromUserName>
    <CreateTime>1461081246</CreateTime>
    <MsgType><![CDATA[event]]></MsgType>
    <Event><![CDATA[unsubscribe]]></Event>
    <EventKey><![CDATA[]]></EventKey>
    <Encrypt><![CDATA[T4raBUYQv/MaUJLwEQAz8v7xA6vlEE9FOfgDTW+xN7BXDkIcdSpQhZ+/i8RFW3CEf8nhFn5RZGiYBJfQIx+aqkM5WyGq1u4uvl0DnSeHJxlwW9mKQxLIcGIZi+iXYMw5hgjFdTgAinSC/Yukthv4VQ0AtHMvW2T2870rM49cC4GNCeHk2iuGGIvSebkRWG7ITfne1G3znr/VGsfSuZzHewhp8/NUzOYsqyiBIYRBo2F5jWikc5TvIeG0gUAhbB0EfkJIE3pi5cPeaLdhueFVnWeQxFltSKJlBlDvx1vPC9eOwi/cpU7DGwceuHlfMeGGPfU6bnJFcBm0MdYSvZcMGA1/ePMicLbLMMXiyLzTqwq9PZK7F/H9ZK8l+oaiepaxaTzXRny04flwvmHeCmd5qhz7dGrBwbpPYaKaEhjutJk=]]></Encrypt>
</xml>

输出时间：2016-04-19 23:55:46
message:<xml>
    <ToUserName><![CDATA[gh_d505c9b3976f]]></ToUserName>
    <FromUserName><![CDATA[om-Rfwg4aykWeP7PDAeqQvI_IBzU]]></FromUserName>
    <CreateTime>1461081346</CreateTime>
    <MsgType><![CDATA[event]]></MsgType>
    <Event><![CDATA[subscribe]]></Event>
    <EventKey><![CDATA[]]></EventKey>
    <Encrypt><![CDATA[yTuI3U9vLPpsVJCw7TtSHlzX9qu3zNcAzBjko9j+PpMcCFowQ74LNBTGNIG/wvFBGTMAkAX7I5RdC6J//KDxnDjnDoRl/W6Ubw5M7ZrFGZGZfs9itxNQu2ZqPxTBLxg4NzUXgh902nzOImNKZGCTl7f59IhiYp9ggYH/V6Z3TGSLCSPd7F1WVRDIWFnCqVACTGkCPKeN5XRjpygF8hHAJ055K2u4wi/nc2U+6FT3C9sniunuKwfUJE4zSP5/9GWCkqhsP50zYWPwiVpvrnQ/fQFH2l1vldbpOflK5F0kr8kAV2W59jVw6PU1tVa7AUpiR8WjAh6VVuu57S7Fuu16Bf2ubK82QUTdXOXDrrOZyjfQ+PaDgzmWA0z8YrUkjFT8wwat0DI2QfwbYIYcCQ0znp9m+Butn9EOv00eiX1L51w=]]></Encrypt>
</xml>

输出时间：2016-04-19 23:56:01
message:<xml>
    <ToUserName><![CDATA[gh_d505c9b3976f]]></ToUserName>
    <FromUserName><![CDATA[om-Rfwg4aykWeP7PDAeqQvI_IBzU]]></FromUserName>
    <CreateTime>1461081360</CreateTime>
    <MsgType><![CDATA[text]]></MsgType>
    <Content><![CDATA[你是]]></Content>
    <MsgId>6275296658397963064</MsgId>
    <Encrypt><![CDATA[zYVPZcvoLu1L2347tsaGzjLSz3V8IxpYWLKgOu59/kYimPKxASJZiOfsAU+U4y01O4JH+kM8/JQNBK0ti2BA70W5x6A1JlcQwVIzQDca5V5iu2tLMrxnOCpC6pFTxTw+dyHnIi9QKChadUj40ehvAvEmxESXnxFS/ze6m7hsQpDfch4iDrvS/fYSY1BxAxJ/dBv8/lJyF5F21G/ENob5EqE3qYEkmVcnLecp8JlE13Gc8hVBSaR62UPZ8FKwPiKV3EvSdZlXLkGOzUMJtTNZTfuS86IfNQXFE7RsLIM2YFtenD758HHw/QgMOYOe9T8FJPmq+nSC+rQwcyRerYoDwpIarKZZM5iDwAqIL16bgyulP3VryJo6wk5ycEZ0F4AaWafdLqGFpAokA04PTV56ZiBbdFmPIFrKHc/iYASkg5c=]]></Encrypt>
</xml>

输出时间：2016-04-19 23:56:28
message:<xml>
    <ToUserName><![CDATA[gh_d505c9b3976f]]></ToUserName>
    <FromUserName><![CDATA[om-Rfwg4aykWeP7PDAeqQvI_IBzU]]></FromUserName>
    <CreateTime>1461081388</CreateTime>
    <MsgType><![CDATA[text]]></MsgType>
    <Content><![CDATA[是吗]]></Content>
    <MsgId>6275296778657047356</MsgId>
    <Encrypt><![CDATA[lBsD32PBXo+nz62l3dO775jZB03z4VXkedav5+7VuCFZ2OSvoZSCO7+h/YEKRnUc4PcsYJiQgj/9aje7ZIXOxsSj3hd6spG4ApJ94Z2qQI6q3n/YuX+6W1qzAILjtNorOevqpCcxx4SsJz4g/vJjigHOt852Ng12e/FJHH9FRmxPaF6nf2JlPNwFuw1xGy5FE3ZvGr/rft5qXrevmtjQs4bco6SoMvWbnbV4qro8mkcBO33yT0F+KuaOiZts3YROyxeIHuCLOxyY3o3nszpb6fjg/ipYCUrDnuqSKTiHQfQsMb9uehzO/FK1CHSyptv7vgJ3WaXdHPZuQN1ZEInrUqbmjZlx/UEW77x6TlEZBNCt3xQwWaFMKH6a0LbRZsx3w4nbYbIeUOviJHneHzivefYXM33gpUHU9pmZGZbnFiI=]]></Encrypt>
</xml>

输出时间：2016-04-19 23:56:39
message:<xml>
    <ToUserName><![CDATA[gh_d505c9b3976f]]></ToUserName>
    <FromUserName><![CDATA[om-Rfwg4aykWeP7PDAeqQvI_IBzU]]></FromUserName>
    <CreateTime>1461081398</CreateTime>
    <MsgType><![CDATA[text]]></MsgType>
    <Content><![CDATA[什么玩意]]></Content>
    <MsgId>6275296821606720318</MsgId>
    <Encrypt><![CDATA[1EpPsbsxUNJL7dH9cnJLvHen2IdSd3uXJcdjLBUfQ7DhN0Hhdph42aAsdfsH/6vZIV5nFf23q6EWqsHf2Ay3yMkJSkFpB9VDBnvY1Kdx2c+HprBZGJ0dDKrs9QEGZGYyhyRNUidTr3v3lv5lOoobquZBCIrPHGql6rR8IdojyToi/Au+ivSeDfdeiFa/392pD1eU8Sx9krbkWrUc1C4GB6hg1ZmzfqbMe/3dh/hHEYktoXExQHvCPduGMx6+sh+yZaeRF8jPweuFNg+4b+TP4Y55EWYvIg3OJi8VgbMi26xeC1xPxD0NA8LFqxTkxL51bD+Ek3dHm48lhm3U2D64sEnInfB7l55yFS0VSKUsENDKPKaoQv6My54d5SNqeS1Iz5IswFylRVXUV8ByzeDE3bzdLZXG7dKPmyQG9VX7q37FTeD/gKy840LlURkRRyDg13ey6+vcZJV9Z5ZLNRADHA==]]></Encrypt>
</xml>

输出时间：2016-04-19 23:57:05
message:<xml>
    <ToUserName><![CDATA[gh_d505c9b3976f]]></ToUserName>
    <FromUserName><![CDATA[om-Rfwg4aykWeP7PDAeqQvI_IBzU]]></FromUserName>
    <CreateTime>1461081425</CreateTime>
    <MsgType><![CDATA[text]]></MsgType>
    <Content><![CDATA[不像话]]></Content>
    <MsgId>6275296937570837313</MsgId>
    <Encrypt><![CDATA[ysblNCniRcolySVNMIvJEgjhO8itCCT+UcxIdX5v67EGloa+Jg5zF188D8LVpDs4K3SeuWeDYGuf8+6uMs1BFxyEPvjRSct3Rg1LuuT3OJqvowfaGpQxbV3RxMxLcNiXSqyVB4w1dzp6WN3n1+aOVEsrZib55yLjb+fmYBoYluYDMfLQlNZfZifHPmdpjATl96CcfHtaZFMQv8/1icpjn7EIiPzOsa1owW5iOubwkFkFXX0AkqvUXV2ksRII/TzKBEqLU8Li3Mqc4LGEqNzNvtAOjxOzJFjEIKrapsK+SHjUSMgYKzV0HKhIWKclkLKl0MfBwqKKGkwzDgJZUSYzsHhB52JZZF7v5hw+e04R50kQwUDTxYYG6DGGZt+/QpGoiP7GncgHweMenlb0LKDANyKy4qij/6d0tUL+Vdr3W0r8Cpus4ShAqD8uQk3T6+VUuqVr2YDa5ch93YeY3KSrRA==]]></Encrypt>
</xml>

输出时间：2016-04-19 23:57:12
message:<xml>
    <ToUserName><![CDATA[gh_d505c9b3976f]]></ToUserName>
    <FromUserName><![CDATA[om-Rfwg4aykWeP7PDAeqQvI_IBzU]]></FromUserName>
    <CreateTime>1461081432</CreateTime>
    <MsgType><![CDATA[text]]></MsgType>
    <Content><![CDATA[你懂什么]]></Content>
    <MsgId>6275296967635608387</MsgId>
    <Encrypt><![CDATA[0YfbeucqxHL5y1TFVeFZHbQwaSEIXsZY1+9cZyoIToSf7r2+nNz+GFVfEl/BzEjOFwl4eI1GE4kYqCiRP6HNTH/m1b2irqIBlQLHFh8NEOzQCkbBbiU0xtwf+W8oic9ReU5gMtQbZoZJOmsOHmDWnUKWKnbIBEWxlANO9SWDjU15bH41W+VqKprcDHxo6xNqN0oFlGoawzfIlu4j/s+GZskVlc/mBSSEkO/2RX/sMHVzPHEe/zdCeVMN+7B7lc8L2uzaaAzNKaUYF904pmXqGYAM9L8VhpOO2BeqXdsg05b4B3rFKlM9mQVoRCO02md86hCRWvuOfu1gRRbUXPnd/B/+DNM+rodsEZXLyPzvnlK2dankZg8yA7EcrEwgnAxDdSMMZIR6ufjAnOfQ7cz7VvT/qkewtjSrfQMiito0zAlsU5CAMwGL2qcCWnow0qUIISOdTNFbzyX3BmWvrI/DwA==]]></Encrypt>
</xml>

输出时间：2016-04-19 23:57:19
message:<xml>
    <ToUserName><![CDATA[gh_d505c9b3976f]]></ToUserName>
    <FromUserName><![CDATA[om-Rfwg4aykWeP7PDAeqQvI_IBzU]]></FromUserName>
    <CreateTime>1461081439</CreateTime>
    <MsgType><![CDATA[text]]></MsgType>
    <Content><![CDATA[有病]]></Content>
    <MsgId>6275296997700379461</MsgId>
    <Encrypt><![CDATA[uDTO6+s9xGTUYly8ddOat9WwPvDCFfStROa6vcAPnYdRATb8lBlbZmO+MGty8SwFZn5GsfHVlIn8WaaHpiZfOh+fM8l/iT5wlR+WhIUNidVHv4XJmJr7c15St2YmfVaqhfQXDhYw33HXIwTPxGSAGDlJDxJQwwl3JAimxVj5rmBaUbgpXL6MCI7+FQE6NEuh7QvrLGrXtdjcueK54eTlDr//yHSErbP0nVvEP6nHxX3lBX/JetSnxf47TVW3bjZA2tOnPeKmIYT2zGukn5dZYURfBf6OZaB9I7xJ7yx91bu53+Rf7RM2pEvhG9Dkab+xTaD4nzha03MfaVGTvNL6IWaGQMnx6ATe2s/GjRCyCxCGN5DPESsO3iaNCFWqIArdFSrjwNJYReqHdD0L4gYGjjURSY/E60gMNxdiCSsgL9E=]]></Encrypt>
</xml>

输出时间：2016-04-19 23:57:34
message:<xml>
    <ToUserName><![CDATA[gh_d505c9b3976f]]></ToUserName>
    <FromUserName><![CDATA[om-Rfwg4aykWeP7PDAeqQvI_IBzU]]></FromUserName>
    <CreateTime>1461081453</CreateTime>
    <MsgType><![CDATA[text]]></MsgType>
    <Content><![CDATA[神经病]]></Content>
    <MsgId>6275297057829921610</MsgId>
    <Encrypt><![CDATA[LxHsIISMjmHTdcnzDeL9sMdW3OGeDoV+j28gzyoUj8NtxNtZKHkAYtelAKuNK3JehbOyOH2KOgQH3gBoCPD+1fUs9DM5jBOR4UGmNKF1k5Xzq3rN1DgMcgtfkXxhXSbYCoEDBokRQMNDRvxFfytyQ6eVlHBafnFNW+IyKPqLJvG5IULx2hy+7HLU6F9MMtUZVKITYbRTjkuKGZtVRSYJ0I1lZ7XbUok10st3MbeufGZZZnwZnZg2CNLzjLUf7SzZybG7pdP6b/R4C7flH/QOc9azR5VgFgggZbjg9MB7QLCDtyQjKCqSv13X8NvnGrZFoSBcvKO3xTGhBxHXvZ/1qIgwIvl+/R0qvx7Qzgy6Bnsp1/8ZTHqfqOAjTsD/uI3zfPOWttQ2pp1ezncQUQZqP1RYa8HCGgVRZyJY9XGmq/9+0DliKlntNZn+ZwF8QElTPuN3K6zDPdhoXWVe/wwUaQ==]]></Encrypt>
</xml>

输出时间：2016-04-19 23:57:49
message:<xml>
    <ToUserName><![CDATA[gh_d505c9b3976f]]></ToUserName>
    <FromUserName><![CDATA[om-Rfwg4aykWeP7PDAeqQvI_IBzU]]></FromUserName>
    <CreateTime>1461081469</CreateTime>
    <MsgType><![CDATA[text]]></MsgType>
    <Content><![CDATA[快递]]></Content>
    <MsgId>6275297126549398349</MsgId>
    <Encrypt><![CDATA[a5jzfX/vQC4Gj8j4tB+Wld3t+wLxCJ6iN+4TwdSz/zqjRdbOInxHY3EKK3uhsJLDwSlWric6Eu2UNiakUeazZfKcLfiTTO/dxON9sYWmhIOtKj/7wiJsUhSY2NEyEaflLG2LIqZoVnSMx2Aw4hjNQk99nwGZH4t3WHG6XdUjkZTGFjfvso/XWkJFU5toPIpg0uhcIxCMxPtSvyMhERjQQEZiJfeMB/S3/6MFYt51j5GK4BokVwyGOnq3sbAuaiuRfIkxlxVfeai+tgYOjLEXouxMwyh8lsxuNztSeNTUyrlaNBKZKPa1ROWslcCq12O4hGiyFVE19Xx7uDLOpyKz/x7nTOn8/XvnjGP8DjeM3dmTo8k5Cpr0kd3wv204NmzOwIGipwPuAg9jrikMf3b0dvBLrWXMCVqAMZY44iI9NvQ=]]></Encrypt>
</xml>

输出时间：2016-04-19 23:57:58
message:<xml>
    <ToUserName><![CDATA[gh_d505c9b3976f]]></ToUserName>
    <FromUserName><![CDATA[om-Rfwg4aykWeP7PDAeqQvI_IBzU]]></FromUserName>
    <CreateTime>1461081478</CreateTime>
    <MsgType><![CDATA[text]]></MsgType>
    <Content><![CDATA[圆通]]></Content>
    <MsgId>6275297165204104015</MsgId>
    <Encrypt><![CDATA[7MV1iG/Hk6mrfwoP1op30EvUUOd0QqunFJEf8rycQNskL6IF6+dT627qrBRK2J9dIZRQstrolBW+DLpoE7I/pgDtjmIbJLEzhWzFRwjc8/P7JtgI1tKkizmc9ZvUhSGuiTs6At0MWXpTmKabQy7lox/sNLHeqrDXwzNGPJlHKlvRcxpV+zRiT1ulcyCpC5Z97dQnoZ8X0SdEWZLp19850wdruIyutv9nSNuSsuskXGWOIgJS0thye+6kdp4vx1qRtDV09xl0JwtqynAWys8MQ5qbfBFbVmOX6zAB2tTB0Nca9W3nM4QBMaXO94cF9hLh1mVliUa/aEecGI33gMwogViYIJKGKQ/eZJHrGR8sJVHpJDn6SJ3lzTiwiFIVC7jD2kDBZf44PEnC+PiCpdSftIpJtyiEpaiXowAlbLH40PU=]]></Encrypt>
</xml>

输出时间：2016-04-19 23:58:54
message:<xml>
    <ToUserName><![CDATA[gh_d505c9b3976f]]></ToUserName>
    <FromUserName><![CDATA[om-Rfwg4aykWeP7PDAeqQvI_IBzU]]></FromUserName>
    <CreateTime>1461081534</CreateTime>
    <MsgType><![CDATA[text]]></MsgType>
    <Content><![CDATA[淘宝]]></Content>
    <MsgId>6275297405722272595</MsgId>
    <Encrypt><![CDATA[vwMyAMOZ3/2OeT/Fx3DLyTkqNmQwoS9wTRFjd02N+rMFiETOq922EaOCMmYiuGqqQhbrWdYftYDWUJJjy7Od/oMYjT5UxKqT8wzQJBYMAB6ItOsTxeWIkA0rLK5+u8egn8qxzKUGJZyAhbwyxkAL9s2/9dvtVUnPDi+pNQ0v1ivpi+FvaHTaS6iUdol3gv7mJk8Sf51CM4J6rXdwIPwoHmAqcJ+8MRCNOjA0YFUeqidpWP2Bm8UNG5aRkmcRf6xsv2FFBAUg0aRm7AuqdghRH3XNvOkM5LxglS8OXennUmgg0jOWH9IrQGmxx4nH2R5cdRk1n8Lu+EsHXDRccAkSIldP8TADmmKrA+jmB/wygVTImdproN125oOCK5vEASJJk55bApSZdPbRNGyxnNBATspe9aEtHANlMMWKGK8OBqA=]]></Encrypt>
</xml>

